mode: set
github.com/ArtisGulbis/pokemon-companion-go-backend/pokeapi/client.go:15.40,17.2 1 1
github.com/ArtisGulbis/pokemon-companion-go-backend/pokeapi/client.go:19.64,22.16 3 1
github.com/ArtisGulbis/pokemon-companion-go-backend/pokeapi/client.go:22.16,24.3 1 0
github.com/ArtisGulbis/pokemon-companion-go-backend/pokeapi/client.go:25.2,27.38 2 1
github.com/ArtisGulbis/pokemon-companion-go-backend/pokeapi/client.go:27.38,29.3 1 1
github.com/ArtisGulbis/pokemon-companion-go-backend/pokeapi/client.go:31.2,32.68 2 1
github.com/ArtisGulbis/pokemon-companion-go-backend/pokeapi/client.go:32.68,34.3 1 0
github.com/ArtisGulbis/pokemon-companion-go-backend/pokeapi/client.go:36.2,36.22 1 1
github.com/ArtisGulbis/pokemon-companion-go-backend/pokeapi/client.go:39.64,42.16 3 0
github.com/ArtisGulbis/pokemon-companion-go-backend/pokeapi/client.go:42.16,44.3 1 0
github.com/ArtisGulbis/pokemon-companion-go-backend/pokeapi/client.go:45.2,47.38 2 0
github.com/ArtisGulbis/pokemon-companion-go-backend/pokeapi/client.go:47.38,49.3 1 0
github.com/ArtisGulbis/pokemon-companion-go-backend/pokeapi/client.go:51.2,52.68 2 0
github.com/ArtisGulbis/pokemon-companion-go-backend/pokeapi/client.go:52.68,54.3 1 0
github.com/ArtisGulbis/pokemon-companion-go-backend/pokeapi/client.go:56.2,56.22 1 0
github.com/ArtisGulbis/pokemon-companion-go-backend/pokeapi/client.go:59.67,62.16 3 1
github.com/ArtisGulbis/pokemon-companion-go-backend/pokeapi/client.go:62.16,64.3 1 0
github.com/ArtisGulbis/pokemon-companion-go-backend/pokeapi/client.go:65.2,67.38 2 1
github.com/ArtisGulbis/pokemon-companion-go-backend/pokeapi/client.go:67.38,69.3 1 1
github.com/ArtisGulbis/pokemon-companion-go-backend/pokeapi/client.go:70.2,72.78 2 1
github.com/ArtisGulbis/pokemon-companion-go-backend/pokeapi/client.go:72.78,74.3 1 1
github.com/ArtisGulbis/pokemon-companion-go-backend/pokeapi/client.go:76.2,76.39 1 1
github.com/ArtisGulbis/pokemon-companion-go-backend/db/database.go:19.44,23.16 3 1
github.com/ArtisGulbis/pokemon-companion-go-backend/db/database.go:23.16,25.3 1 0
github.com/ArtisGulbis/pokemon-companion-go-backend/db/database.go:28.2,28.66 1 1
github.com/ArtisGulbis/pokemon-companion-go-backend/db/database.go:28.66,31.3 2 0
github.com/ArtisGulbis/pokemon-companion-go-backend/db/database.go:33.2,35.15 2 1
github.com/ArtisGulbis/pokemon-companion-go-backend/db/database.go:35.15,36.41 1 1
github.com/ArtisGulbis/pokemon-companion-go-backend/db/database.go:36.41,39.4 2 0
github.com/ArtisGulbis/pokemon-companion-go-backend/db/database.go:42.2,42.16 1 1
github.com/ArtisGulbis/pokemon-companion-go-backend/db/database.go:45.40,47.16 2 1
github.com/ArtisGulbis/pokemon-companion-go-backend/db/database.go:47.16,49.3 1 0
github.com/ArtisGulbis/pokemon-companion-go-backend/db/database.go:50.2,51.12 2 1
github.com/ArtisGulbis/pokemon-companion-go-backend/db/database.go:54.35,58.16 3 0
github.com/ArtisGulbis/pokemon-companion-go-backend/db/database.go:58.16,60.3 1 0
github.com/ArtisGulbis/pokemon-companion-go-backend/db/database.go:62.2,63.12 2 0
github.com/ArtisGulbis/pokemon-companion-go-backend/db/database.go:66.35,69.2 2 1
github.com/ArtisGulbis/pokemon-companion-go-backend/db/pokedex_repository.go:15.60,17.2 1 1
github.com/ArtisGulbis/pokemon-companion-go-backend/db/pokedex_repository.go:19.68,21.16 2 1
github.com/ArtisGulbis/pokemon-companion-go-backend/db/pokedex_repository.go:21.16,23.3 1 0
github.com/ArtisGulbis/pokemon-companion-go-backend/db/pokedex_repository.go:24.2,31.16 3 1
github.com/ArtisGulbis/pokemon-companion-go-backend/db/pokedex_repository.go:31.16,33.3 1 0
github.com/ArtisGulbis/pokemon-companion-go-backend/db/pokedex_repository.go:35.2,35.12 1 1
github.com/ArtisGulbis/pokemon-companion-go-backend/db/pokedex_repository.go:38.119,40.16 2 0
github.com/ArtisGulbis/pokemon-companion-go-backend/db/pokedex_repository.go:40.16,42.3 1 0
github.com/ArtisGulbis/pokemon-companion-go-backend/db/pokedex_repository.go:43.2,46.36 2 0
github.com/ArtisGulbis/pokemon-companion-go-backend/db/pokedex_repository.go:46.36,48.17 2 0
github.com/ArtisGulbis/pokemon-companion-go-backend/db/pokedex_repository.go:48.17,50.4 1 0
github.com/ArtisGulbis/pokemon-companion-go-backend/db/pokedex_repository.go:53.2,53.12 1 0
github.com/ArtisGulbis/pokemon-companion-go-backend/db/pokedex_repository.go:56.77,58.16 2 1
github.com/ArtisGulbis/pokemon-companion-go-backend/db/pokedex_repository.go:58.16,60.3 1 0
github.com/ArtisGulbis/pokemon-companion-go-backend/db/pokedex_repository.go:61.2,65.18 3 1
github.com/ArtisGulbis/pokemon-companion-go-backend/db/pokedex_repository.go:65.18,72.17 3 1
github.com/ArtisGulbis/pokemon-companion-go-backend/db/pokedex_repository.go:72.17,74.4 1 0
github.com/ArtisGulbis/pokemon-companion-go-backend/db/pokedex_repository.go:76.2,76.34 1 1
github.com/ArtisGulbis/pokemon-companion-go-backend/db/pokedex_repository.go:76.34,78.3 1 0
github.com/ArtisGulbis/pokemon-companion-go-backend/db/pokedex_repository.go:79.2,79.20 1 1
github.com/ArtisGulbis/pokemon-companion-go-backend/db/pokedex_repository.go:79.20,81.3 1 0
github.com/ArtisGulbis/pokemon-companion-go-backend/db/pokedex_repository.go:83.2,83.21 1 1
github.com/ArtisGulbis/pokemon-companion-go-backend/db/pokemon_repository.go:16.60,18.2 1 1
github.com/ArtisGulbis/pokemon-companion-go-backend/db/pokemon_repository.go:20.68,22.16 2 1
github.com/ArtisGulbis/pokemon-companion-go-backend/db/pokemon_repository.go:22.16,24.3 1 0
github.com/ArtisGulbis/pokemon-companion-go-backend/db/pokemon_repository.go:26.2,35.16 3 1
github.com/ArtisGulbis/pokemon-companion-go-backend/db/pokemon_repository.go:35.16,37.3 1 0
github.com/ArtisGulbis/pokemon-companion-go-backend/db/pokemon_repository.go:38.2,38.12 1 1
github.com/ArtisGulbis/pokemon-companion-go-backend/db/pokemon_repository.go:41.77,43.16 2 1
github.com/ArtisGulbis/pokemon-companion-go-backend/db/pokemon_repository.go:43.16,45.3 1 0
github.com/ArtisGulbis/pokemon-companion-go-backend/db/pokemon_repository.go:46.2,50.18 3 1
github.com/ArtisGulbis/pokemon-companion-go-backend/db/pokemon_repository.go:50.18,55.21 4 1
github.com/ArtisGulbis/pokemon-companion-go-backend/db/pokemon_repository.go:55.21,66.28 3 1
github.com/ArtisGulbis/pokemon-companion-go-backend/db/pokemon_repository.go:66.28,68.5 1 0
github.com/ArtisGulbis/pokemon-companion-go-backend/db/pokemon_repository.go:69.9,75.4 5 0
github.com/ArtisGulbis/pokemon-companion-go-backend/db/pokemon_repository.go:77.3,77.17 1 1
github.com/ArtisGulbis/pokemon-companion-go-backend/db/pokemon_repository.go:77.17,79.4 1 0
github.com/ArtisGulbis/pokemon-companion-go-backend/db/pokemon_repository.go:81.3,81.39 1 1
github.com/ArtisGulbis/pokemon-companion-go-backend/db/pokemon_repository.go:81.39,86.4 1 0
github.com/ArtisGulbis/pokemon-companion-go-backend/db/pokemon_repository.go:89.2,89.34 1 1
github.com/ArtisGulbis/pokemon-companion-go-backend/db/pokemon_repository.go:89.34,91.3 1 0
github.com/ArtisGulbis/pokemon-companion-go-backend/db/pokemon_repository.go:93.2,93.20 1 1
github.com/ArtisGulbis/pokemon-companion-go-backend/db/pokemon_repository.go:93.20,95.3 1 0
github.com/ArtisGulbis/pokemon-companion-go-backend/db/pokemon_repository.go:97.2,97.21 1 1
github.com/ArtisGulbis/pokemon-companion-go-backend/cmd/sync/main.go:16.13,23.16 5 0
github.com/ArtisGulbis/pokemon-companion-go-backend/cmd/sync/main.go:23.16,25.3 1 0
github.com/ArtisGulbis/pokemon-companion-go-backend/cmd/sync/main.go:26.2,45.15 12 0
github.com/ArtisGulbis/pokemon-companion-go-backend/cmd/sync/main.go:45.15,46.55 1 0
github.com/ArtisGulbis/pokemon-companion-go-backend/cmd/sync/main.go:46.55,48.4 1 0
github.com/ArtisGulbis/pokemon-companion-go-backend/cmd/sync/main.go:51.2,52.15 2 0
github.com/ArtisGulbis/pokemon-companion-go-backend/cmd/sync/main.go:52.15,53.55 1 0
github.com/ArtisGulbis/pokemon-companion-go-backend/cmd/sync/main.go:53.55,55.4 1 0
github.com/ArtisGulbis/pokemon-companion-go-backend/cmd/sync/main.go:58.2,59.68 2 0
github.com/ArtisGulbis/pokemon-companion-go-backend/utils/utils.go:9.31,12.2 2 0
github.com/ArtisGulbis/pokemon-companion-go-backend/utils/utils.go:14.48,18.21 3 1
github.com/ArtisGulbis/pokemon-companion-go-backend/utils/utils.go:18.21,20.3 1 0
github.com/ArtisGulbis/pokemon-companion-go-backend/utils/utils.go:22.2,24.16 3 1
github.com/ArtisGulbis/pokemon-companion-go-backend/utils/utils.go:24.16,26.3 1 0
github.com/ArtisGulbis/pokemon-companion-go-backend/utils/utils.go:27.2,27.16 1 1
github.com/ArtisGulbis/pokemon-companion-go-backend/services/pokedex_syncer.go:17.107,23.2 1 1
github.com/ArtisGulbis/pokemon-companion-go-backend/services/pokedex_syncer.go:25.50,27.16 2 1
github.com/ArtisGulbis/pokemon-companion-go-backend/services/pokedex_syncer.go:27.16,29.3 1 0
github.com/ArtisGulbis/pokemon-companion-go-backend/services/pokedex_syncer.go:31.2,31.36 1 1
github.com/ArtisGulbis/pokemon-companion-go-backend/services/pokedex_syncer.go:31.36,32.12 1 1
github.com/ArtisGulbis/pokemon-companion-go-backend/services/pokedex_syncer.go:32.12,34.4 1 1
github.com/ArtisGulbis/pokemon-companion-go-backend/services/pokedex_syncer.go:36.3,37.17 2 1
github.com/ArtisGulbis/pokemon-companion-go-backend/services/pokedex_syncer.go:37.17,39.4 1 0
github.com/ArtisGulbis/pokemon-companion-go-backend/services/pokedex_syncer.go:41.3,42.17 2 1
github.com/ArtisGulbis/pokemon-companion-go-backend/services/pokedex_syncer.go:42.17,44.4 1 0
github.com/ArtisGulbis/pokemon-companion-go-backend/services/pokedex_syncer.go:46.3,47.17 2 1
github.com/ArtisGulbis/pokemon-companion-go-backend/services/pokedex_syncer.go:47.17,49.4 1 0
github.com/ArtisGulbis/pokemon-companion-go-backend/services/pokedex_syncer.go:51.3,52.17 2 1
github.com/ArtisGulbis/pokemon-companion-go-backend/services/pokedex_syncer.go:52.17,54.4 1 0
github.com/ArtisGulbis/pokemon-companion-go-backend/services/pokedex_syncer.go:55.3,55.84 1 1
github.com/ArtisGulbis/pokemon-companion-go-backend/services/pokedex_syncer.go:57.2,57.12 1 1
github.com/ArtisGulbis/pokemon-companion-go-backend/services/pokemon_syncer.go:17.107,23.2 1 1
github.com/ArtisGulbis/pokemon-companion-go-backend/services/pokemon_syncer.go:27.50,30.16 2 1
github.com/ArtisGulbis/pokemon-companion-go-backend/services/pokemon_syncer.go:30.16,32.3 1 0
github.com/ArtisGulbis/pokemon-companion-go-backend/services/pokemon_syncer.go:34.2,34.41 1 1
github.com/ArtisGulbis/pokemon-companion-go-backend/services/pokemon_syncer.go:34.41,36.12 1 1
github.com/ArtisGulbis/pokemon-companion-go-backend/services/pokemon_syncer.go:36.12,38.4 1 1
github.com/ArtisGulbis/pokemon-companion-go-backend/services/pokemon_syncer.go:41.3,42.17 2 1
github.com/ArtisGulbis/pokemon-companion-go-backend/services/pokemon_syncer.go:42.17,44.4 1 0
github.com/ArtisGulbis/pokemon-companion-go-backend/services/pokemon_syncer.go:46.3,47.17 2 1
github.com/ArtisGulbis/pokemon-companion-go-backend/services/pokemon_syncer.go:47.17,49.4 1 0
github.com/ArtisGulbis/pokemon-companion-go-backend/services/pokemon_syncer.go:50.3,51.17 2 1
github.com/ArtisGulbis/pokemon-companion-go-backend/services/pokemon_syncer.go:51.17,53.4 1 0
github.com/ArtisGulbis/pokemon-companion-go-backend/services/pokemon_syncer.go:54.3,54.90 1 1
github.com/ArtisGulbis/pokemon-companion-go-backend/services/pokemon_syncer.go:56.2,56.12 1 1
