mode: set
github.com/ArtisGulbis/pokemon-companion-go-backend/db/database.go:19.44,23.16 3 1
github.com/ArtisGulbis/pokemon-companion-go-backend/db/database.go:23.16,25.3 1 0
github.com/ArtisGulbis/pokemon-companion-go-backend/db/database.go:27.2,27.26 1 1
github.com/ArtisGulbis/pokemon-companion-go-backend/db/database.go:27.26,29.3 1 1
github.com/ArtisGulbis/pokemon-companion-go-backend/db/database.go:32.2,32.66 1 1
github.com/ArtisGulbis/pokemon-companion-go-backend/db/database.go:32.66,35.3 2 0
github.com/ArtisGulbis/pokemon-companion-go-backend/db/database.go:37.2,39.15 2 1
github.com/ArtisGulbis/pokemon-companion-go-backend/db/database.go:39.15,40.41 1 1
github.com/ArtisGulbis/pokemon-companion-go-backend/db/database.go:40.41,43.4 2 0
github.com/ArtisGulbis/pokemon-companion-go-backend/db/database.go:46.2,46.16 1 1
github.com/ArtisGulbis/pokemon-companion-go-backend/db/database.go:49.40,51.16 2 1
github.com/ArtisGulbis/pokemon-companion-go-backend/db/database.go:51.16,53.3 1 0
github.com/ArtisGulbis/pokemon-companion-go-backend/db/database.go:54.2,55.12 2 1
github.com/ArtisGulbis/pokemon-companion-go-backend/db/database.go:58.35,62.16 3 0
github.com/ArtisGulbis/pokemon-companion-go-backend/db/database.go:62.16,64.3 1 0
github.com/ArtisGulbis/pokemon-companion-go-backend/db/database.go:66.2,67.12 2 0
github.com/ArtisGulbis/pokemon-companion-go-backend/db/database.go:70.35,73.2 2 1
github.com/ArtisGulbis/pokemon-companion-go-backend/db/pokedex_repository.go:17.60,19.2 1 1
github.com/ArtisGulbis/pokemon-companion-go-backend/db/pokedex_repository.go:21.70,23.16 2 1
github.com/ArtisGulbis/pokemon-companion-go-backend/db/pokedex_repository.go:23.16,25.3 1 0
github.com/ArtisGulbis/pokemon-companion-go-backend/db/pokedex_repository.go:26.2,33.16 3 1
github.com/ArtisGulbis/pokemon-companion-go-backend/db/pokedex_repository.go:33.16,35.3 1 0
github.com/ArtisGulbis/pokemon-companion-go-backend/db/pokedex_repository.go:37.2,37.12 1 1
github.com/ArtisGulbis/pokemon-companion-go-backend/db/pokedex_repository.go:40.105,42.16 2 1
github.com/ArtisGulbis/pokemon-companion-go-backend/db/pokedex_repository.go:42.16,44.3 1 0
github.com/ArtisGulbis/pokemon-companion-go-backend/db/pokedex_repository.go:45.2,47.53 2 1
github.com/ArtisGulbis/pokemon-companion-go-backend/db/pokedex_repository.go:47.53,49.17 2 1
github.com/ArtisGulbis/pokemon-companion-go-backend/db/pokedex_repository.go:49.17,51.4 1 0
github.com/ArtisGulbis/pokemon-companion-go-backend/db/pokedex_repository.go:52.3,56.17 2 1
github.com/ArtisGulbis/pokemon-companion-go-backend/db/pokedex_repository.go:56.17,58.4 1 0
github.com/ArtisGulbis/pokemon-companion-go-backend/db/pokedex_repository.go:61.2,61.12 1 1
github.com/ArtisGulbis/pokemon-companion-go-backend/db/pokedex_repository.go:64.91,66.16 2 1
github.com/ArtisGulbis/pokemon-companion-go-backend/db/pokedex_repository.go:66.16,68.3 1 0
github.com/ArtisGulbis/pokemon-companion-go-backend/db/pokedex_repository.go:69.2,72.16 3 1
github.com/ArtisGulbis/pokemon-companion-go-backend/db/pokedex_repository.go:72.16,74.3 1 0
github.com/ArtisGulbis/pokemon-companion-go-backend/db/pokedex_repository.go:75.2,75.12 1 1
github.com/ArtisGulbis/pokemon-companion-go-backend/db/pokedex_repository.go:78.121,80.16 2 0
github.com/ArtisGulbis/pokemon-companion-go-backend/db/pokedex_repository.go:80.16,82.3 1 0
github.com/ArtisGulbis/pokemon-companion-go-backend/db/pokedex_repository.go:83.2,85.34 2 0
github.com/ArtisGulbis/pokemon-companion-go-backend/db/pokedex_repository.go:85.34,87.17 2 0
github.com/ArtisGulbis/pokemon-companion-go-backend/db/pokedex_repository.go:87.17,89.4 1 0
github.com/ArtisGulbis/pokemon-companion-go-backend/db/pokedex_repository.go:90.3,91.17 2 0
github.com/ArtisGulbis/pokemon-companion-go-backend/db/pokedex_repository.go:91.17,93.4 1 0
github.com/ArtisGulbis/pokemon-companion-go-backend/db/pokedex_repository.go:96.2,96.12 1 0
github.com/ArtisGulbis/pokemon-companion-go-backend/db/pokedex_repository.go:99.121,101.16 2 0
github.com/ArtisGulbis/pokemon-companion-go-backend/db/pokedex_repository.go:101.16,103.3 1 0
github.com/ArtisGulbis/pokemon-companion-go-backend/db/pokedex_repository.go:104.2,106.36 2 0
github.com/ArtisGulbis/pokemon-companion-go-backend/db/pokedex_repository.go:106.36,108.17 2 0
github.com/ArtisGulbis/pokemon-companion-go-backend/db/pokedex_repository.go:108.17,110.4 1 0
github.com/ArtisGulbis/pokemon-companion-go-backend/db/pokedex_repository.go:113.2,113.12 1 0
github.com/ArtisGulbis/pokemon-companion-go-backend/db/pokedex_repository.go:116.119,118.16 2 0
github.com/ArtisGulbis/pokemon-companion-go-backend/db/pokedex_repository.go:118.16,120.3 1 0
github.com/ArtisGulbis/pokemon-companion-go-backend/db/pokedex_repository.go:121.2,125.18 3 0
github.com/ArtisGulbis/pokemon-companion-go-backend/db/pokedex_repository.go:125.18,132.17 3 0
github.com/ArtisGulbis/pokemon-companion-go-backend/db/pokedex_repository.go:132.17,134.4 1 0
github.com/ArtisGulbis/pokemon-companion-go-backend/db/pokedex_repository.go:135.3,135.72 1 0
github.com/ArtisGulbis/pokemon-companion-go-backend/db/pokedex_repository.go:137.2,137.34 1 0
github.com/ArtisGulbis/pokemon-companion-go-backend/db/pokedex_repository.go:137.34,139.3 1 0
github.com/ArtisGulbis/pokemon-companion-go-backend/db/pokedex_repository.go:140.2,140.32 1 0
github.com/ArtisGulbis/pokemon-companion-go-backend/db/pokedex_repository.go:140.32,142.3 1 0
github.com/ArtisGulbis/pokemon-companion-go-backend/db/pokedex_repository.go:143.2,143.33 1 0
github.com/ArtisGulbis/pokemon-companion-go-backend/db/pokedex_repository.go:146.114,148.16 2 0
github.com/ArtisGulbis/pokemon-companion-go-backend/db/pokedex_repository.go:148.16,150.3 1 0
github.com/ArtisGulbis/pokemon-companion-go-backend/db/pokedex_repository.go:151.2,155.18 3 0
github.com/ArtisGulbis/pokemon-companion-go-backend/db/pokedex_repository.go:155.18,164.17 4 0
github.com/ArtisGulbis/pokemon-companion-go-backend/db/pokedex_repository.go:164.17,166.4 1 0
github.com/ArtisGulbis/pokemon-companion-go-backend/db/pokedex_repository.go:167.3,168.61 2 0
github.com/ArtisGulbis/pokemon-companion-go-backend/db/pokedex_repository.go:170.2,170.34 1 0
github.com/ArtisGulbis/pokemon-companion-go-backend/db/pokedex_repository.go:170.34,172.3 1 0
github.com/ArtisGulbis/pokemon-companion-go-backend/db/pokedex_repository.go:173.2,173.34 1 0
github.com/ArtisGulbis/pokemon-companion-go-backend/db/pokedex_repository.go:173.34,175.3 1 0
github.com/ArtisGulbis/pokemon-companion-go-backend/db/pokedex_repository.go:176.2,176.35 1 0
github.com/ArtisGulbis/pokemon-companion-go-backend/db/pokedex_repository.go:179.74,181.16 2 1
github.com/ArtisGulbis/pokemon-companion-go-backend/db/pokedex_repository.go:181.16,183.3 1 0
github.com/ArtisGulbis/pokemon-companion-go-backend/db/pokedex_repository.go:184.2,188.18 3 1
github.com/ArtisGulbis/pokemon-companion-go-backend/db/pokedex_repository.go:188.18,195.17 3 1
github.com/ArtisGulbis/pokemon-companion-go-backend/db/pokedex_repository.go:195.17,197.4 1 0
github.com/ArtisGulbis/pokemon-companion-go-backend/db/pokedex_repository.go:199.2,199.34 1 1
github.com/ArtisGulbis/pokemon-companion-go-backend/db/pokedex_repository.go:199.34,201.3 1 0
github.com/ArtisGulbis/pokemon-companion-go-backend/db/pokedex_repository.go:202.2,202.20 1 1
github.com/ArtisGulbis/pokemon-companion-go-backend/db/pokedex_repository.go:202.20,204.3 1 0
github.com/ArtisGulbis/pokemon-companion-go-backend/db/pokedex_repository.go:206.2,206.21 1 1
github.com/ArtisGulbis/pokemon-companion-go-backend/db/pokemon_repository.go:19.60,21.2 1 1
github.com/ArtisGulbis/pokemon-companion-go-backend/db/pokemon_repository.go:23.70,25.16 2 1
github.com/ArtisGulbis/pokemon-companion-go-backend/db/pokemon_repository.go:25.16,27.3 1 0
github.com/ArtisGulbis/pokemon-companion-go-backend/db/pokemon_repository.go:29.2,32.16 3 1
github.com/ArtisGulbis/pokemon-companion-go-backend/db/pokemon_repository.go:32.16,34.3 1 0
github.com/ArtisGulbis/pokemon-companion-go-backend/db/pokemon_repository.go:36.2,50.16 2 1
github.com/ArtisGulbis/pokemon-companion-go-backend/db/pokemon_repository.go:50.16,52.3 1 0
github.com/ArtisGulbis/pokemon-companion-go-backend/db/pokemon_repository.go:53.2,53.12 1 1
github.com/ArtisGulbis/pokemon-companion-go-backend/db/pokemon_repository.go:56.70,75.16 2 1
github.com/ArtisGulbis/pokemon-companion-go-backend/db/pokemon_repository.go:75.16,77.3 1 0
github.com/ArtisGulbis/pokemon-companion-go-backend/db/pokemon_repository.go:79.2,79.12 1 1
github.com/ArtisGulbis/pokemon-companion-go-backend/db/pokemon_repository.go:82.74,108.16 6 1
github.com/ArtisGulbis/pokemon-companion-go-backend/db/pokemon_repository.go:108.16,109.27 1 0
github.com/ArtisGulbis/pokemon-companion-go-backend/db/pokemon_repository.go:109.27,111.4 1 0
github.com/ArtisGulbis/pokemon-companion-go-backend/db/pokemon_repository.go:112.3,112.56 1 0
github.com/ArtisGulbis/pokemon-companion-go-backend/db/pokemon_repository.go:116.2,127.22 11 1
github.com/ArtisGulbis/pokemon-companion-go-backend/db/pokemon_repository.go:130.53,131.60 1 1
github.com/ArtisGulbis/pokemon-companion-go-backend/db/pokemon_repository.go:131.60,131.89 1 1
github.com/ArtisGulbis/pokemon-companion-go-backend/db/pokemon_repository.go:132.2,132.14 1 1
github.com/ArtisGulbis/pokemon-companion-go-backend/db/pokemon_repository.go:132.14,134.3 1 1
github.com/ArtisGulbis/pokemon-companion-go-backend/db/pokemon_repository.go:135.2,135.10 1 1
github.com/ArtisGulbis/pokemon-companion-go-backend/db/version_repository.go:16.60,18.2 1 1
github.com/ArtisGulbis/pokemon-companion-go-backend/db/version_repository.go:20.70,22.16 2 1
github.com/ArtisGulbis/pokemon-companion-go-backend/db/version_repository.go:22.16,24.3 1 0
github.com/ArtisGulbis/pokemon-companion-go-backend/db/version_repository.go:25.2,28.16 3 1
github.com/ArtisGulbis/pokemon-companion-go-backend/db/version_repository.go:28.16,30.3 1 0
github.com/ArtisGulbis/pokemon-companion-go-backend/db/version_repository.go:32.2,38.16 2 1
github.com/ArtisGulbis/pokemon-companion-go-backend/db/version_repository.go:38.16,40.3 1 0
github.com/ArtisGulbis/pokemon-companion-go-backend/db/version_repository.go:42.2,42.12 1 1
github.com/ArtisGulbis/pokemon-companion-go-backend/db/version_repository.go:45.80,47.16 2 0
github.com/ArtisGulbis/pokemon-companion-go-backend/db/version_repository.go:47.16,49.3 1 0
github.com/ArtisGulbis/pokemon-companion-go-backend/db/version_repository.go:50.2,57.16 3 0
github.com/ArtisGulbis/pokemon-companion-go-backend/db/version_repository.go:57.16,59.3 1 0
github.com/ArtisGulbis/pokemon-companion-go-backend/db/version_repository.go:61.2,61.12 1 0
github.com/ArtisGulbis/pokemon-companion-go-backend/db/version_repository.go:64.74,66.16 2 1
github.com/ArtisGulbis/pokemon-companion-go-backend/db/version_repository.go:66.16,68.3 1 0
github.com/ArtisGulbis/pokemon-companion-go-backend/db/version_repository.go:69.2,73.17 3 1
github.com/ArtisGulbis/pokemon-companion-go-backend/db/version_repository.go:73.17,81.17 3 1
github.com/ArtisGulbis/pokemon-companion-go-backend/db/version_repository.go:81.17,83.4 1 0
github.com/ArtisGulbis/pokemon-companion-go-backend/db/version_repository.go:86.2,86.34 1 1
github.com/ArtisGulbis/pokemon-companion-go-backend/db/version_repository.go:86.34,88.3 1 0
github.com/ArtisGulbis/pokemon-companion-go-backend/db/version_repository.go:90.2,90.20 1 1
github.com/ArtisGulbis/pokemon-companion-go-backend/db/version_repository.go:90.20,92.3 1 0
github.com/ArtisGulbis/pokemon-companion-go-backend/db/version_repository.go:94.2,94.21 1 1
github.com/ArtisGulbis/pokemon-companion-go-backend/pokeapi/client.go:15.40,17.2 1 1
github.com/ArtisGulbis/pokemon-companion-go-backend/pokeapi/client.go:19.66,21.2 1 1
github.com/ArtisGulbis/pokemon-companion-go-backend/pokeapi/client.go:23.66,25.2 1 1
github.com/ArtisGulbis/pokemon-companion-go-backend/pokeapi/client.go:27.66,29.2 1 0
github.com/ArtisGulbis/pokemon-companion-go-backend/pokeapi/client.go:31.76,33.2 1 0
github.com/ArtisGulbis/pokemon-companion-go-backend/pokeapi/client.go:35.66,37.2 1 0
github.com/ArtisGulbis/pokemon-companion-go-backend/pokeapi/client.go:39.69,42.16 3 1
github.com/ArtisGulbis/pokemon-companion-go-backend/pokeapi/client.go:42.16,44.3 1 0
github.com/ArtisGulbis/pokemon-companion-go-backend/pokeapi/client.go:45.2,47.38 2 1
github.com/ArtisGulbis/pokemon-companion-go-backend/pokeapi/client.go:47.38,49.3 1 1
github.com/ArtisGulbis/pokemon-companion-go-backend/pokeapi/client.go:50.2,52.78 2 1
github.com/ArtisGulbis/pokemon-companion-go-backend/pokeapi/client.go:52.78,54.3 1 1
github.com/ArtisGulbis/pokemon-companion-go-backend/pokeapi/client.go:56.2,56.39 1 1
github.com/ArtisGulbis/pokemon-companion-go-backend/pokeapi/client.go:59.71,62.16 3 1
github.com/ArtisGulbis/pokemon-companion-go-backend/pokeapi/client.go:62.16,64.3 1 0
github.com/ArtisGulbis/pokemon-companion-go-backend/pokeapi/client.go:65.2,67.38 2 1
github.com/ArtisGulbis/pokemon-companion-go-backend/pokeapi/client.go:67.38,69.3 1 1
github.com/ArtisGulbis/pokemon-companion-go-backend/pokeapi/client.go:71.2,72.67 2 1
github.com/ArtisGulbis/pokemon-companion-go-backend/pokeapi/client.go:72.67,74.3 1 0
github.com/ArtisGulbis/pokemon-companion-go-backend/pokeapi/client.go:76.2,76.21 1 1
github.com/ArtisGulbis/pokemon-companion-go-backend/services/game_syncer.go:24.15,31.2 1 0
github.com/ArtisGulbis/pokemon-companion-go-backend/services/game_syncer.go:32.52,34.16 2 0
github.com/ArtisGulbis/pokemon-companion-go-backend/services/game_syncer.go:34.16,36.3 1 0
github.com/ArtisGulbis/pokemon-companion-go-backend/services/game_syncer.go:38.2,40.38 2 0
github.com/ArtisGulbis/pokemon-companion-go-backend/services/game_syncer.go:40.38,41.12 1 0
github.com/ArtisGulbis/pokemon-companion-go-backend/services/game_syncer.go:41.12,43.4 1 0
github.com/ArtisGulbis/pokemon-companion-go-backend/services/game_syncer.go:45.3,46.17 2 0
github.com/ArtisGulbis/pokemon-companion-go-backend/services/game_syncer.go:46.17,48.4 1 0
github.com/ArtisGulbis/pokemon-companion-go-backend/services/game_syncer.go:49.3,51.47 2 0
github.com/ArtisGulbis/pokemon-companion-go-backend/services/game_syncer.go:51.47,53.4 1 0
github.com/ArtisGulbis/pokemon-companion-go-backend/services/game_syncer.go:54.3,54.47 1 0
github.com/ArtisGulbis/pokemon-companion-go-backend/services/game_syncer.go:57.2,57.12 1 0
github.com/ArtisGulbis/pokemon-companion-go-backend/services/game_syncer.go:60.45,62.16 2 0
github.com/ArtisGulbis/pokemon-companion-go-backend/services/game_syncer.go:62.16,64.3 1 0
github.com/ArtisGulbis/pokemon-companion-go-backend/services/game_syncer.go:66.2,67.16 2 0
github.com/ArtisGulbis/pokemon-companion-go-backend/services/game_syncer.go:67.16,69.3 1 0
github.com/ArtisGulbis/pokemon-companion-go-backend/services/game_syncer.go:70.2,71.16 2 0
github.com/ArtisGulbis/pokemon-companion-go-backend/services/game_syncer.go:71.16,73.3 1 0
github.com/ArtisGulbis/pokemon-companion-go-backend/services/game_syncer.go:75.2,75.73 1 0
github.com/ArtisGulbis/pokemon-companion-go-backend/services/game_syncer.go:75.73,77.3 1 0
github.com/ArtisGulbis/pokemon-companion-go-backend/services/game_syncer.go:78.2,78.63 1 0
github.com/ArtisGulbis/pokemon-companion-go-backend/services/game_syncer.go:78.63,80.3 1 0
github.com/ArtisGulbis/pokemon-companion-go-backend/services/game_syncer.go:81.2,81.46 1 0
github.com/ArtisGulbis/pokemon-companion-go-backend/services/game_syncer.go:81.46,83.17 2 0
github.com/ArtisGulbis/pokemon-companion-go-backend/services/game_syncer.go:83.17,85.4 1 0
github.com/ArtisGulbis/pokemon-companion-go-backend/services/game_syncer.go:86.3,87.17 2 0
github.com/ArtisGulbis/pokemon-companion-go-backend/services/game_syncer.go:87.17,89.4 1 0
github.com/ArtisGulbis/pokemon-companion-go-backend/services/game_syncer.go:90.3,90.64 1 0
github.com/ArtisGulbis/pokemon-companion-go-backend/services/game_syncer.go:90.64,92.4 1 0
github.com/ArtisGulbis/pokemon-companion-go-backend/services/game_syncer.go:93.3,93.81 1 0
github.com/ArtisGulbis/pokemon-companion-go-backend/services/game_syncer.go:93.81,95.4 1 0
github.com/ArtisGulbis/pokemon-companion-go-backend/services/game_syncer.go:96.3,96.45 1 0
github.com/ArtisGulbis/pokemon-companion-go-backend/services/game_syncer.go:96.45,98.18 2 0
github.com/ArtisGulbis/pokemon-companion-go-backend/services/game_syncer.go:98.18,100.5 1 0
github.com/ArtisGulbis/pokemon-companion-go-backend/services/game_syncer.go:101.4,102.18 2 0
github.com/ArtisGulbis/pokemon-companion-go-backend/services/game_syncer.go:102.18,104.5 1 0
github.com/ArtisGulbis/pokemon-companion-go-backend/services/game_syncer.go:105.4,106.18 2 0
github.com/ArtisGulbis/pokemon-companion-go-backend/services/game_syncer.go:106.18,108.5 1 0
github.com/ArtisGulbis/pokemon-companion-go-backend/services/game_syncer.go:109.4,114.18 2 0
github.com/ArtisGulbis/pokemon-companion-go-backend/services/game_syncer.go:114.18,116.5 1 0
github.com/ArtisGulbis/pokemon-companion-go-backend/services/game_syncer.go:118.3,118.17 1 0
github.com/ArtisGulbis/pokemon-companion-go-backend/services/game_syncer.go:118.17,120.4 1 0
github.com/ArtisGulbis/pokemon-companion-go-backend/services/game_syncer.go:123.2,123.12 1 0
github.com/ArtisGulbis/pokemon-companion-go-backend/services/pokedex_syncer.go:18.107,24.2 1 1
github.com/ArtisGulbis/pokemon-companion-go-backend/services/pokedex_syncer.go:26.67,28.2 1 0
github.com/ArtisGulbis/pokemon-companion-go-backend/services/pokedex_syncer.go:30.77,32.2 1 0
github.com/ArtisGulbis/pokemon-companion-go-backend/services/pokedex_syncer.go:34.84,36.2 1 0
github.com/ArtisGulbis/pokemon-companion-go-backend/services/pokedex_syncer.go:38.73,40.2 1 0
github.com/ArtisGulbis/pokemon-companion-go-backend/services/pokedex_syncer.go:42.72,44.16 2 1
github.com/ArtisGulbis/pokemon-companion-go-backend/services/pokedex_syncer.go:44.16,46.3 1 0
github.com/ArtisGulbis/pokemon-companion-go-backend/services/pokedex_syncer.go:48.2,49.16 2 1
github.com/ArtisGulbis/pokemon-companion-go-backend/services/pokedex_syncer.go:49.16,51.3 1 0
github.com/ArtisGulbis/pokemon-companion-go-backend/services/pokedex_syncer.go:53.2,53.21 1 1
github.com/ArtisGulbis/pokemon-companion-go-backend/services/pokedex_syncer.go:56.50,58.16 2 1
github.com/ArtisGulbis/pokemon-companion-go-backend/services/pokedex_syncer.go:58.16,60.3 1 0
github.com/ArtisGulbis/pokemon-companion-go-backend/services/pokedex_syncer.go:62.2,62.36 1 1
github.com/ArtisGulbis/pokemon-companion-go-backend/services/pokedex_syncer.go:62.36,63.12 1 1
github.com/ArtisGulbis/pokemon-companion-go-backend/services/pokedex_syncer.go:63.12,65.4 1 0
github.com/ArtisGulbis/pokemon-companion-go-backend/services/pokedex_syncer.go:67.3,68.17 2 1
github.com/ArtisGulbis/pokemon-companion-go-backend/services/pokedex_syncer.go:68.17,70.4 1 0
github.com/ArtisGulbis/pokemon-companion-go-backend/services/pokedex_syncer.go:72.3,73.17 2 1
github.com/ArtisGulbis/pokemon-companion-go-backend/services/pokedex_syncer.go:73.17,75.4 1 0
github.com/ArtisGulbis/pokemon-companion-go-backend/services/pokedex_syncer.go:77.3,78.17 2 1
github.com/ArtisGulbis/pokemon-companion-go-backend/services/pokedex_syncer.go:78.17,80.4 1 0
github.com/ArtisGulbis/pokemon-companion-go-backend/services/pokedex_syncer.go:82.3,82.84 1 1
github.com/ArtisGulbis/pokemon-companion-go-backend/services/pokedex_syncer.go:84.2,84.12 1 1
github.com/ArtisGulbis/pokemon-companion-go-backend/services/pokemon_syncer.go:18.107,24.2 1 1
github.com/ArtisGulbis/pokemon-companion-go-backend/services/pokemon_syncer.go:26.73,28.2 1 0
github.com/ArtisGulbis/pokemon-companion-go-backend/services/pokemon_syncer.go:30.67,32.2 1 0
github.com/ArtisGulbis/pokemon-companion-go-backend/services/pokemon_syncer.go:34.66,36.2 1 0
github.com/ArtisGulbis/pokemon-companion-go-backend/services/pokemon_syncer.go:38.72,40.16 2 0
github.com/ArtisGulbis/pokemon-companion-go-backend/services/pokemon_syncer.go:40.16,42.3 1 0
github.com/ArtisGulbis/pokemon-companion-go-backend/services/pokemon_syncer.go:44.2,45.16 2 0
github.com/ArtisGulbis/pokemon-companion-go-backend/services/pokemon_syncer.go:45.16,47.3 1 0
github.com/ArtisGulbis/pokemon-companion-go-backend/services/pokemon_syncer.go:48.2,51.16 3 0
github.com/ArtisGulbis/pokemon-companion-go-backend/services/pokemon_syncer.go:51.16,53.3 1 0
github.com/ArtisGulbis/pokemon-companion-go-backend/services/pokemon_syncer.go:55.2,55.21 1 0
github.com/ArtisGulbis/pokemon-companion-go-backend/services/pokemon_syncer.go:58.72,60.16 2 0
github.com/ArtisGulbis/pokemon-companion-go-backend/services/pokemon_syncer.go:60.16,62.3 1 0
github.com/ArtisGulbis/pokemon-companion-go-backend/services/pokemon_syncer.go:64.2,65.16 2 0
github.com/ArtisGulbis/pokemon-companion-go-backend/services/pokemon_syncer.go:65.16,67.3 1 0
github.com/ArtisGulbis/pokemon-companion-go-backend/services/pokemon_syncer.go:69.2,69.21 1 0
github.com/ArtisGulbis/pokemon-companion-go-backend/services/pokemon_syncer.go:72.50,75.16 2 1
github.com/ArtisGulbis/pokemon-companion-go-backend/services/pokemon_syncer.go:75.16,77.3 1 0
github.com/ArtisGulbis/pokemon-companion-go-backend/services/pokemon_syncer.go:79.2,79.41 1 1
github.com/ArtisGulbis/pokemon-companion-go-backend/services/pokemon_syncer.go:79.41,81.12 1 1
github.com/ArtisGulbis/pokemon-companion-go-backend/services/pokemon_syncer.go:81.12,83.4 1 1
github.com/ArtisGulbis/pokemon-companion-go-backend/services/pokemon_syncer.go:86.3,87.17 2 1
github.com/ArtisGulbis/pokemon-companion-go-backend/services/pokemon_syncer.go:87.17,89.4 1 0
github.com/ArtisGulbis/pokemon-companion-go-backend/services/pokemon_syncer.go:91.3,92.17 2 1
github.com/ArtisGulbis/pokemon-companion-go-backend/services/pokemon_syncer.go:92.17,94.4 1 0
github.com/ArtisGulbis/pokemon-companion-go-backend/services/pokemon_syncer.go:95.3,96.17 2 1
github.com/ArtisGulbis/pokemon-companion-go-backend/services/pokemon_syncer.go:96.17,98.4 1 0
github.com/ArtisGulbis/pokemon-companion-go-backend/services/pokemon_syncer.go:99.3,99.90 1 1
github.com/ArtisGulbis/pokemon-companion-go-backend/services/pokemon_syncer.go:101.2,101.12 1 1
github.com/ArtisGulbis/pokemon-companion-go-backend/services/version_syncer.go:18.107,24.2 1 1
github.com/ArtisGulbis/pokemon-companion-go-backend/services/version_syncer.go:26.66,28.2 1 1
github.com/ArtisGulbis/pokemon-companion-go-backend/services/version_syncer.go:30.77,32.2 1 0
github.com/ArtisGulbis/pokemon-companion-go-backend/services/version_syncer.go:34.73,36.2 1 0
github.com/ArtisGulbis/pokemon-companion-go-backend/services/version_syncer.go:38.83,40.2 1 0
github.com/ArtisGulbis/pokemon-companion-go-backend/services/version_syncer.go:42.72,44.16 2 1
github.com/ArtisGulbis/pokemon-companion-go-backend/services/version_syncer.go:44.16,46.3 1 0
github.com/ArtisGulbis/pokemon-companion-go-backend/services/version_syncer.go:47.2,47.49 1 1
github.com/ArtisGulbis/pokemon-companion-go-backend/services/version_syncer.go:47.49,49.3 1 0
github.com/ArtisGulbis/pokemon-companion-go-backend/services/version_syncer.go:50.2,50.21 1 1
github.com/ArtisGulbis/pokemon-companion-go-backend/services/version_syncer.go:53.82,55.16 2 1
github.com/ArtisGulbis/pokemon-companion-go-backend/services/version_syncer.go:55.16,57.3 1 0
github.com/ArtisGulbis/pokemon-companion-go-backend/services/version_syncer.go:59.2,59.64 1 1
github.com/ArtisGulbis/pokemon-companion-go-backend/services/version_syncer.go:59.64,61.3 1 0
github.com/ArtisGulbis/pokemon-companion-go-backend/services/version_syncer.go:63.2,63.26 1 1
github.com/ArtisGulbis/pokemon-companion-go-backend/services/version_syncer.go:66.50,68.16 2 1
github.com/ArtisGulbis/pokemon-companion-go-backend/services/version_syncer.go:68.16,70.3 1 0
github.com/ArtisGulbis/pokemon-companion-go-backend/services/version_syncer.go:72.2,72.33 1 1
github.com/ArtisGulbis/pokemon-companion-go-backend/services/version_syncer.go:72.33,73.12 1 1
github.com/ArtisGulbis/pokemon-companion-go-backend/services/version_syncer.go:73.12,75.4 1 1
github.com/ArtisGulbis/pokemon-companion-go-backend/services/version_syncer.go:77.3,78.17 2 1
github.com/ArtisGulbis/pokemon-companion-go-backend/services/version_syncer.go:78.17,80.4 1 0
github.com/ArtisGulbis/pokemon-companion-go-backend/services/version_syncer.go:81.3,82.17 2 1
github.com/ArtisGulbis/pokemon-companion-go-backend/services/version_syncer.go:82.17,84.4 1 0
github.com/ArtisGulbis/pokemon-companion-go-backend/services/version_syncer.go:85.3,86.17 2 1
github.com/ArtisGulbis/pokemon-companion-go-backend/services/version_syncer.go:86.17,88.4 1 0
github.com/ArtisGulbis/pokemon-companion-go-backend/services/version_syncer.go:89.3,89.83 1 1
github.com/ArtisGulbis/pokemon-companion-go-backend/services/version_syncer.go:92.2,92.12 1 1
github.com/ArtisGulbis/pokemon-companion-go-backend/utils/utils.go:9.48,13.21 3 1
github.com/ArtisGulbis/pokemon-companion-go-backend/utils/utils.go:13.21,15.3 1 0
github.com/ArtisGulbis/pokemon-companion-go-backend/utils/utils.go:17.2,19.16 3 1
github.com/ArtisGulbis/pokemon-companion-go-backend/utils/utils.go:19.16,21.3 1 0
github.com/ArtisGulbis/pokemon-companion-go-backend/utils/utils.go:22.2,22.16 1 1
github.com/ArtisGulbis/pokemon-companion-go-backend/cmd/sync/main.go:15.13,21.16 4 0
github.com/ArtisGulbis/pokemon-companion-go-backend/cmd/sync/main.go:21.16,23.3 1 0
github.com/ArtisGulbis/pokemon-companion-go-backend/cmd/sync/main.go:24.2,52.51 13 0
github.com/ArtisGulbis/pokemon-companion-go-backend/cmd/sync/main.go:52.51,54.3 1 0
github.com/ArtisGulbis/pokemon-companion-go-backend/cmd/sync/main.go:56.2,56.68 1 0
